/home/fizzer/PucksInDeep/install/hockey_gui/lib/python3.8/site-packages/hockey_gui/gui_node.py
/home/fizzer/PucksInDeep/install/hockey_gui/lib/python3.8/site-packages/hockey_gui/main.py
/home/fizzer/PucksInDeep/install/hockey_gui/lib/python3.8/site-packages/hockey_gui/path_generator.py
/home/fizzer/PucksInDeep/install/hockey_gui/lib/python3.8/site-packages/hockey_gui/app_framework.py
/home/fizzer/PucksInDeep/install/hockey_gui/lib/python3.8/site-packages/hockey_gui/BP_Coms.py
/home/fizzer/PucksInDeep/install/hockey_gui/lib/python3.8/site-packages/hockey_gui/mplwidget.py
/home/fizzer/PucksInDeep/install/hockey_gui/lib/python3.8/site-packages/hockey_gui/__init__.py
/home/fizzer/PucksInDeep/install/hockey_gui/lib/python3.8/site-packages/hockey_gui/__pycache__/gui_node.cpython-38.pyc
/home/fizzer/PucksInDeep/install/hockey_gui/lib/python3.8/site-packages/hockey_gui/__pycache__/main.cpython-38.pyc
/home/fizzer/PucksInDeep/install/hockey_gui/lib/python3.8/site-packages/hockey_gui/__pycache__/path_generator.cpython-38.pyc
/home/fizzer/PucksInDeep/install/hockey_gui/lib/python3.8/site-packages/hockey_gui/__pycache__/app_framework.cpython-38.pyc
/home/fizzer/PucksInDeep/install/hockey_gui/lib/python3.8/site-packages/hockey_gui/__pycache__/BP_Coms.cpython-38.pyc
/home/fizzer/PucksInDeep/install/hockey_gui/lib/python3.8/site-packages/hockey_gui/__pycache__/mplwidget.cpython-38.pyc
/home/fizzer/PucksInDeep/install/hockey_gui/lib/python3.8/site-packages/hockey_gui/__pycache__/__init__.cpython-38.pyc
/home/fizzer/PucksInDeep/install/hockey_gui/share/ament_index/resource_index/packages/hockey_gui
/home/fizzer/PucksInDeep/install/hockey_gui/share/hockey_gui/package.xml
/home/fizzer/PucksInDeep/install/hockey_gui/lib/python3.8/site-packages/hockey_gui-0.0.0-py3.8.egg-info/SOURCES.txt
/home/fizzer/PucksInDeep/install/hockey_gui/lib/python3.8/site-packages/hockey_gui-0.0.0-py3.8.egg-info/PKG-INFO
/home/fizzer/PucksInDeep/install/hockey_gui/lib/python3.8/site-packages/hockey_gui-0.0.0-py3.8.egg-info/zip-safe
/home/fizzer/PucksInDeep/install/hockey_gui/lib/python3.8/site-packages/hockey_gui-0.0.0-py3.8.egg-info/dependency_links.txt
/home/fizzer/PucksInDeep/install/hockey_gui/lib/python3.8/site-packages/hockey_gui-0.0.0-py3.8.egg-info/top_level.txt
/home/fizzer/PucksInDeep/install/hockey_gui/lib/python3.8/site-packages/hockey_gui-0.0.0-py3.8.egg-info/requires.txt
/home/fizzer/PucksInDeep/install/hockey_gui/lib/python3.8/site-packages/hockey_gui-0.0.0-py3.8.egg-info/entry_points.txt
/home/fizzer/PucksInDeep/install/hockey_gui/lib/hockey_gui/main
