running egg_info
creating ../../../build/HLC/HLC.egg-info
writing ../../../build/HLC/HLC.egg-info/PKG-INFO
writing dependency_links to ../../../build/HLC/HLC.egg-info/dependency_links.txt
writing entry points to ../../../build/HLC/HLC.egg-info/entry_points.txt
writing requirements to ../../../build/HLC/HLC.egg-info/requires.txt
writing top-level names to ../../../build/HLC/HLC.egg-info/top_level.txt
writing manifest file '../../../build/HLC/HLC.egg-info/SOURCES.txt'
reading manifest file '../../../build/HLC/HLC.egg-info/SOURCES.txt'
writing manifest file '../../../build/HLC/HLC.egg-info/SOURCES.txt'
running build
running build_py
creating /home/fizzer/PucksInDeep/build/HLC/build
creating /home/fizzer/PucksInDeep/build/HLC/build/lib
creating /home/fizzer/PucksInDeep/build/HLC/build/lib/HLC
copying HLC/main.py -> /home/fizzer/PucksInDeep/build/HLC/build/lib/HLC
copying HLC/__init__.py -> /home/fizzer/PucksInDeep/build/HLC/build/lib/HLC
running install
running install_lib
creating /home/fizzer/PucksInDeep/install/HLC/lib/python3.8/site-packages/HLC
copying /home/fizzer/PucksInDeep/build/HLC/build/lib/HLC/main.py -> /home/fizzer/PucksInDeep/install/HLC/lib/python3.8/site-packages/HLC
copying /home/fizzer/PucksInDeep/build/HLC/build/lib/HLC/__init__.py -> /home/fizzer/PucksInDeep/install/HLC/lib/python3.8/site-packages/HLC
byte-compiling /home/fizzer/PucksInDeep/install/HLC/lib/python3.8/site-packages/HLC/main.py to main.cpython-38.pyc
byte-compiling /home/fizzer/PucksInDeep/install/HLC/lib/python3.8/site-packages/HLC/__init__.py to __init__.cpython-38.pyc
running install_data
creating /home/fizzer/PucksInDeep/install/HLC/share/ament_index
creating /home/fizzer/PucksInDeep/install/HLC/share/ament_index/resource_index
creating /home/fizzer/PucksInDeep/install/HLC/share/ament_index/resource_index/packages
copying resource/HLC -> /home/fizzer/PucksInDeep/install/HLC/share/ament_index/resource_index/packages
copying package.xml -> /home/fizzer/PucksInDeep/install/HLC/share/HLC
running install_egg_info
Copying ../../../build/HLC/HLC.egg-info to /home/fizzer/PucksInDeep/install/HLC/lib/python3.8/site-packages/HLC-0.0.0-py3.8.egg-info
running install_scripts
Installing Fake_Shot script to /home/fizzer/PucksInDeep/install/HLC/lib/HLC
Installing HLC script to /home/fizzer/PucksInDeep/install/HLC/lib/HLC
Installing intercept script to /home/fizzer/PucksInDeep/install/HLC/lib/HLC
writing list of installed files to '/home/fizzer/PucksInDeep/build/HLC/install.log'
