[01m[K/home/fizzer/PucksInDeep/PC/rosHockey/bp_coms_cpp/src/bp_coms.cpp:[m[K In member function ‘[01m[Kvoid BpComm::write_bp(hockey_msgs::msg::NextPath_<std::allocator<void> >::SharedPtr)[m[K’:
[01m[K/home/fizzer/PucksInDeep/PC/rosHockey/bp_coms_cpp/src/bp_coms.cpp:130:26:[m[K [01;35m[Kwarning: [m[Knarrowing conversion of ‘[01m[K(hockey_msgs::msg::NextPath_<std::allocator<void> >::_x_type)msg.hockey_msgs::msg::NextPath_<std::allocator<void> >::x[m[K’ from ‘[01m[Khockey_msgs::msg::NextPath_<std::allocator<void> >::_x_type[m[K’ {aka ‘[01m[Kdouble[m[K’} to ‘[01m[Kfloat[m[K’ [[01;35m[K-Wnarrowing[m[K]
  130 |     float vals[7] = {[01;35m[Kmsg.x[m[K, msg.y, msg.vx, msg.vy, msg.ax, msg.ay, msg.t};
      |                      [01;35m[K~~~~^[m[K
[01m[K/home/fizzer/PucksInDeep/PC/rosHockey/bp_coms_cpp/src/bp_coms.cpp:130:33:[m[K [01;35m[Kwarning: [m[Knarrowing conversion of ‘[01m[K(hockey_msgs::msg::NextPath_<std::allocator<void> >::_y_type)msg.hockey_msgs::msg::NextPath_<std::allocator<void> >::y[m[K’ from ‘[01m[Khockey_msgs::msg::NextPath_<std::allocator<void> >::_y_type[m[K’ {aka ‘[01m[Kdouble[m[K’} to ‘[01m[Kfloat[m[K’ [[01;35m[K-Wnarrowing[m[K]
  130 |     float vals[7] = {msg.x, [01;35m[Kmsg.y[m[K, msg.vx, msg.vy, msg.ax, msg.ay, msg.t};
      |                             [01;35m[K~~~~^[m[K
[01m[K/home/fizzer/PucksInDeep/PC/rosHockey/bp_coms_cpp/src/bp_coms.cpp:130:40:[m[K [01;35m[Kwarning: [m[Knarrowing conversion of ‘[01m[K(hockey_msgs::msg::NextPath_<std::allocator<void> >::_vx_type)msg.hockey_msgs::msg::NextPath_<std::allocator<void> >::vx[m[K’ from ‘[01m[Khockey_msgs::msg::NextPath_<std::allocator<void> >::_vx_type[m[K’ {aka ‘[01m[Kdouble[m[K’} to ‘[01m[Kfloat[m[K’ [[01;35m[K-Wnarrowing[m[K]
  130 |     float vals[7] = {msg.x, msg.y, [01;35m[Kmsg.vx[m[K, msg.vy, msg.ax, msg.ay, msg.t};
      |                                    [01;35m[K~~~~^~[m[K
[01m[K/home/fizzer/PucksInDeep/PC/rosHockey/bp_coms_cpp/src/bp_coms.cpp:130:48:[m[K [01;35m[Kwarning: [m[Knarrowing conversion of ‘[01m[K(hockey_msgs::msg::NextPath_<std::allocator<void> >::_vy_type)msg.hockey_msgs::msg::NextPath_<std::allocator<void> >::vy[m[K’ from ‘[01m[Khockey_msgs::msg::NextPath_<std::allocator<void> >::_vy_type[m[K’ {aka ‘[01m[Kdouble[m[K’} to ‘[01m[Kfloat[m[K’ [[01;35m[K-Wnarrowing[m[K]
  130 |     float vals[7] = {msg.x, msg.y, msg.vx, [01;35m[Kmsg.vy[m[K, msg.ax, msg.ay, msg.t};
      |                                            [01;35m[K~~~~^~[m[K
[01m[K/home/fizzer/PucksInDeep/PC/rosHockey/bp_coms_cpp/src/bp_coms.cpp:130:56:[m[K [01;35m[Kwarning: [m[Knarrowing conversion of ‘[01m[K(hockey_msgs::msg::NextPath_<std::allocator<void> >::_ax_type)msg.hockey_msgs::msg::NextPath_<std::allocator<void> >::ax[m[K’ from ‘[01m[Khockey_msgs::msg::NextPath_<std::allocator<void> >::_ax_type[m[K’ {aka ‘[01m[Kdouble[m[K’} to ‘[01m[Kfloat[m[K’ [[01;35m[K-Wnarrowing[m[K]
  130 |     float vals[7] = {msg.x, msg.y, msg.vx, msg.vy, [01;35m[Kmsg.ax[m[K, msg.ay, msg.t};
      |                                                    [01;35m[K~~~~^~[m[K
[01m[K/home/fizzer/PucksInDeep/PC/rosHockey/bp_coms_cpp/src/bp_coms.cpp:130:64:[m[K [01;35m[Kwarning: [m[Knarrowing conversion of ‘[01m[K(hockey_msgs::msg::NextPath_<std::allocator<void> >::_ay_type)msg.hockey_msgs::msg::NextPath_<std::allocator<void> >::ay[m[K’ from ‘[01m[Khockey_msgs::msg::NextPath_<std::allocator<void> >::_ay_type[m[K’ {aka ‘[01m[Kdouble[m[K’} to ‘[01m[Kfloat[m[K’ [[01;35m[K-Wnarrowing[m[K]
  130 |     float vals[7] = {msg.x, msg.y, msg.vx, msg.vy, msg.ax, [01;35m[Kmsg.ay[m[K, msg.t};
      |                                                            [01;35m[K~~~~^~[m[K
[01m[K/home/fizzer/PucksInDeep/PC/rosHockey/bp_coms_cpp/src/bp_coms.cpp:130:72:[m[K [01;35m[Kwarning: [m[Knarrowing conversion of ‘[01m[K(hockey_msgs::msg::NextPath_<std::allocator<void> >::_t_type)msg.hockey_msgs::msg::NextPath_<std::allocator<void> >::t[m[K’ from ‘[01m[Khockey_msgs::msg::NextPath_<std::allocator<void> >::_t_type[m[K’ {aka ‘[01m[Kdouble[m[K’} to ‘[01m[Kfloat[m[K’ [[01;35m[K-Wnarrowing[m[K]
  130 |     float vals[7] = {msg.x, msg.y, msg.vx, msg.vy, msg.ax, msg.ay, [01;35m[Kmsg.t[m[K};
      |                                                                    [01;35m[K~~~~^[m[K
[01m[K/home/fizzer/PucksInDeep/PC/rosHockey/bp_coms_cpp/src/bp_coms.cpp:139:62:[m[K [01;31m[Kerror: [m[K‘[01m[Kcd[m[K’ was not declared in this scope
  139 |     std_msgs::msg::String flag_msg = std_msgs::msg::String();[01;31m[Kcd[m[K  cdcdcsdcsdcsdc
      |                                                              [01;31m[K^~[m[K
make[2]: *** [CMakeFiles/bp_coms.dir/build.make:63: CMakeFiles/bp_coms.dir/src/bp_coms.cpp.o] Error 1
make[1]: *** [CMakeFiles/Makefile2:105: CMakeFiles/bp_coms.dir/all] Error 2
make: *** [Makefile:141: all] Error 2
