[0.022s] Invoking command in '/home/fizzer/PucksInDeep/build/bp_coms_cpp': AMENT_PREFIX_PATH=/home/fizzer/PucksInDeep/install/hockey_msgs:${AMENT_PREFIX_PATH} CMAKE_PREFIX_PATH=/home/fizzer/PucksInDeep/install/hockey_msgs:/home/fizzer/PucksInDeep/PC/rosHockey/install/pt:/home/fizzer/PucksInDeep/PC/rosHockey/install/my_package:/home/fizzer/PucksInDeep/PC/rosHockey/install/bp_coms_cpp:/home/fizzer/PucksInDeep/PC/rosHockey/install/hockey_msgs:/home/fizzer/PucksInDeep/PC/rosHockey/install/sim:/home/fizzer/PucksInDeep/PC/rosHockey/install/puck_tracker:/home/fizzer/PucksInDeep/PC/rosHockey/install/hockey_testing:/home/fizzer/PucksInDeep/PC/rosHockey/install/hockey_gui:/home/fizzer/PucksInDeep/PC/rosHockey/install/data_logger:/home/fizzer/PucksInDeep/PC/rosHockey/install/bp_coms:/home/fizzer/PucksInDeep/PC/rosHockey/install/ID_tool:/home/fizzer/PucksInDeep/PC/rosHockey/install/HLC:/opt/ros/foxy LD_LIBRARY_PATH=/home/fizzer/PucksInDeep/install/hockey_msgs/lib:${LD_LIBRARY_PATH} PYTHONPATH=/home/fizzer/PucksInDeep/install/hockey_msgs/lib/python3.8/site-packages:${PYTHONPATH} /usr/bin/cmake /home/fizzer/PucksInDeep/PC/rosHockey/bp_coms_cpp -DAMENT_CMAKE_SYMLINK_INSTALL=1 -DCMAKE_INSTALL_PREFIX=/home/fizzer/PucksInDeep/install/bp_coms_cpp
[0.119s] -- The C compiler identification is GNU 9.4.0
[0.196s] -- The CXX compiler identification is GNU 9.4.0
[0.203s] -- Check for working C compiler: /usr/bin/cc
[0.300s] -- Check for working C compiler: /usr/bin/cc -- works
[0.301s] -- Detecting C compiler ABI info
[0.396s] -- Detecting C compiler ABI info - done
[0.411s] -- Detecting C compile features
[0.411s] -- Detecting C compile features - done
[0.414s] -- Check for working CXX compiler: /usr/bin/c++
[0.529s] -- Check for working CXX compiler: /usr/bin/c++ -- works
[0.531s] -- Detecting CXX compiler ABI info
[0.644s] -- Detecting CXX compiler ABI info - done
[0.665s] -- Detecting CXX compile features
[0.665s] -- Detecting CXX compile features - done
[0.669s] -- Found ament_cmake: 0.9.9 (/opt/ros/foxy/share/ament_cmake/cmake)
[0.717s] -- Found PythonInterp: /usr/bin/python3 (found suitable version "3.8.10", minimum required is "3") 
[0.717s] -- Using PYTHON_EXECUTABLE: /usr/bin/python3
[1.002s] -- Override CMake install command with custom implementation using symlinks instead of copying resources
[1.047s] -- Found rclcpp: 2.4.0 (/opt/ros/foxy/share/rclcpp/cmake)
[1.122s] -- Using all available rosidl_typesupport_c: rosidl_typesupport_fastrtps_c;rosidl_typesupport_introspection_c
[1.134s] -- Found rosidl_adapter: 1.2.1 (/opt/ros/foxy/share/rosidl_adapter/cmake)
[1.254s] -- Found OpenSSL: /usr/lib/x86_64-linux-gnu/libcrypto.so (found version "1.1.1f")  
[1.300s] -- Found FastRTPS: /opt/ros/foxy/include  
[1.416s] -- Using all available rosidl_typesupport_cpp: rosidl_typesupport_fastrtps_cpp;rosidl_typesupport_introspection_cpp
[1.499s] -- Found rmw_implementation_cmake: 1.0.3 (/opt/ros/foxy/share/rmw_implementation_cmake/cmake)
[1.502s] -- Using RMW implementation 'rmw_fastrtps_cpp' as default
[1.503s] -- Looking for pthread.h
[1.599s] -- Looking for pthread.h - found
[1.600s] -- Performing Test CMAKE_HAVE_LIBC_PTHREAD
[1.699s] -- Performing Test CMAKE_HAVE_LIBC_PTHREAD - Failed
[1.700s] -- Looking for pthread_create in pthreads
[1.787s] -- Looking for pthread_create in pthreads - not found
[1.787s] -- Looking for pthread_create in pthread
[1.887s] -- Looking for pthread_create in pthread - found
[1.888s] -- Found Threads: TRUE  
[2.103s] -- Found hockey_msgs: 0.0.0 (/home/fizzer/PucksInDeep/install/hockey_msgs/share/hockey_msgs/cmake)
[2.117s] -- Found ament_lint_auto: 0.9.6 (/opt/ros/foxy/share/ament_lint_auto/cmake)
[2.246s] -- Added test 'copyright' to check source files copyright and LICENSE
[2.248s] -- Added test 'cppcheck' to perform static code analysis on C / C++ code
[2.248s] -- Configured cppcheck include dirs: 
[2.249s] -- Configured cppcheck exclude dirs and/or files: 
[2.250s] -- Added test 'cpplint' to check C / C++ code against the Google style
[2.250s] -- Configured cpplint exclude dirs and/or files: 
[2.251s] -- Added test 'lint_cmake' to check CMake code style
[2.253s] -- Added test 'uncrustify' to check C / C++ code style
[2.253s] -- Configured uncrustify additional arguments: 
[2.254s] -- Added test 'xmllint' to check XML markup files
[2.259s] -- Configuring done
[2.268s] -- Generating done
[2.270s] -- Build files have been written to: /home/fizzer/PucksInDeep/build/bp_coms_cpp
[2.282s] Invoked command in '/home/fizzer/PucksInDeep/build/bp_coms_cpp' returned '0': AMENT_PREFIX_PATH=/home/fizzer/PucksInDeep/install/hockey_msgs:${AMENT_PREFIX_PATH} CMAKE_PREFIX_PATH=/home/fizzer/PucksInDeep/install/hockey_msgs:/home/fizzer/PucksInDeep/PC/rosHockey/install/pt:/home/fizzer/PucksInDeep/PC/rosHockey/install/my_package:/home/fizzer/PucksInDeep/PC/rosHockey/install/bp_coms_cpp:/home/fizzer/PucksInDeep/PC/rosHockey/install/hockey_msgs:/home/fizzer/PucksInDeep/PC/rosHockey/install/sim:/home/fizzer/PucksInDeep/PC/rosHockey/install/puck_tracker:/home/fizzer/PucksInDeep/PC/rosHockey/install/hockey_testing:/home/fizzer/PucksInDeep/PC/rosHockey/install/hockey_gui:/home/fizzer/PucksInDeep/PC/rosHockey/install/data_logger:/home/fizzer/PucksInDeep/PC/rosHockey/install/bp_coms:/home/fizzer/PucksInDeep/PC/rosHockey/install/ID_tool:/home/fizzer/PucksInDeep/PC/rosHockey/install/HLC:/opt/ros/foxy LD_LIBRARY_PATH=/home/fizzer/PucksInDeep/install/hockey_msgs/lib:${LD_LIBRARY_PATH} PYTHONPATH=/home/fizzer/PucksInDeep/install/hockey_msgs/lib/python3.8/site-packages:${PYTHONPATH} /usr/bin/cmake /home/fizzer/PucksInDeep/PC/rosHockey/bp_coms_cpp -DAMENT_CMAKE_SYMLINK_INSTALL=1 -DCMAKE_INSTALL_PREFIX=/home/fizzer/PucksInDeep/install/bp_coms_cpp
[2.285s] Invoking command in '/home/fizzer/PucksInDeep/build/bp_coms_cpp': AMENT_PREFIX_PATH=/home/fizzer/PucksInDeep/install/hockey_msgs:${AMENT_PREFIX_PATH} CMAKE_PREFIX_PATH=/home/fizzer/PucksInDeep/install/hockey_msgs:/home/fizzer/PucksInDeep/PC/rosHockey/install/pt:/home/fizzer/PucksInDeep/PC/rosHockey/install/my_package:/home/fizzer/PucksInDeep/PC/rosHockey/install/bp_coms_cpp:/home/fizzer/PucksInDeep/PC/rosHockey/install/hockey_msgs:/home/fizzer/PucksInDeep/PC/rosHockey/install/sim:/home/fizzer/PucksInDeep/PC/rosHockey/install/puck_tracker:/home/fizzer/PucksInDeep/PC/rosHockey/install/hockey_testing:/home/fizzer/PucksInDeep/PC/rosHockey/install/hockey_gui:/home/fizzer/PucksInDeep/PC/rosHockey/install/data_logger:/home/fizzer/PucksInDeep/PC/rosHockey/install/bp_coms:/home/fizzer/PucksInDeep/PC/rosHockey/install/ID_tool:/home/fizzer/PucksInDeep/PC/rosHockey/install/HLC:/opt/ros/foxy LD_LIBRARY_PATH=/home/fizzer/PucksInDeep/install/hockey_msgs/lib:${LD_LIBRARY_PATH} PYTHONPATH=/home/fizzer/PucksInDeep/install/hockey_msgs/lib/python3.8/site-packages:${PYTHONPATH} /usr/bin/cmake --build /home/fizzer/PucksInDeep/build/bp_coms_cpp -- -j4 -l4
[2.344s] [35m[1mScanning dependencies of target bp_coms[0m
[3.276s] [ 50%] [32mBuilding CXX object CMakeFiles/bp_coms.dir/src/bp_coms.cpp.o[0m
[5.273s] [01m[K/home/fizzer/PucksInDeep/PC/rosHockey/bp_coms_cpp/src/bp_coms.cpp:[m[K In member function ‘[01m[Kvoid BpComm::write_bp(hockey_msgs::msg::NextPath_<std::allocator<void> >::SharedPtr)[m[K’:
[5.273s] [01m[K/home/fizzer/PucksInDeep/PC/rosHockey/bp_coms_cpp/src/bp_coms.cpp:130:26:[m[K [01;35m[Kwarning: [m[Knarrowing conversion of ‘[01m[K(hockey_msgs::msg::NextPath_<std::allocator<void> >::_x_type)msg.hockey_msgs::msg::NextPath_<std::allocator<void> >::x[m[K’ from ‘[01m[Khockey_msgs::msg::NextPath_<std::allocator<void> >::_x_type[m[K’ {aka ‘[01m[Kdouble[m[K’} to ‘[01m[Kfloat[m[K’ [[01;35m[K-Wnarrowing[m[K]
[5.273s]   130 |     float vals[7] = {[01;35m[Kmsg.x[m[K, msg.y, msg.vx, msg.vy, msg.ax, msg.ay, msg.t};
[5.273s]       |                      [01;35m[K~~~~^[m[K
[5.273s] [01m[K/home/fizzer/PucksInDeep/PC/rosHockey/bp_coms_cpp/src/bp_coms.cpp:130:33:[m[K [01;35m[Kwarning: [m[Knarrowing conversion of ‘[01m[K(hockey_msgs::msg::NextPath_<std::allocator<void> >::_y_type)msg.hockey_msgs::msg::NextPath_<std::allocator<void> >::y[m[K’ from ‘[01m[Khockey_msgs::msg::NextPath_<std::allocator<void> >::_y_type[m[K’ {aka ‘[01m[Kdouble[m[K’} to ‘[01m[Kfloat[m[K’ [[01;35m[K-Wnarrowing[m[K]
[5.273s]   130 |     float vals[7] = {msg.x, [01;35m[Kmsg.y[m[K, msg.vx, msg.vy, msg.ax, msg.ay, msg.t};
[5.274s]       |                             [01;35m[K~~~~^[m[K
[5.274s] [01m[K/home/fizzer/PucksInDeep/PC/rosHockey/bp_coms_cpp/src/bp_coms.cpp:130:40:[m[K [01;35m[Kwarning: [m[Knarrowing conversion of ‘[01m[K(hockey_msgs::msg::NextPath_<std::allocator<void> >::_vx_type)msg.hockey_msgs::msg::NextPath_<std::allocator<void> >::vx[m[K’ from ‘[01m[Khockey_msgs::msg::NextPath_<std::allocator<void> >::_vx_type[m[K’ {aka ‘[01m[Kdouble[m[K’} to ‘[01m[Kfloat[m[K’ [[01;35m[K-Wnarrowing[m[K]
[5.274s]   130 |     float vals[7] = {msg.x, msg.y, [01;35m[Kmsg.vx[m[K, msg.vy, msg.ax, msg.ay, msg.t};
[5.274s]       |                                    [01;35m[K~~~~^~[m[K
[5.274s] [01m[K/home/fizzer/PucksInDeep/PC/rosHockey/bp_coms_cpp/src/bp_coms.cpp:130:48:[m[K [01;35m[Kwarning: [m[Knarrowing conversion of ‘[01m[K(hockey_msgs::msg::NextPath_<std::allocator<void> >::_vy_type)msg.hockey_msgs::msg::NextPath_<std::allocator<void> >::vy[m[K’ from ‘[01m[Khockey_msgs::msg::NextPath_<std::allocator<void> >::_vy_type[m[K’ {aka ‘[01m[Kdouble[m[K’} to ‘[01m[Kfloat[m[K’ [[01;35m[K-Wnarrowing[m[K]
[5.274s]   130 |     float vals[7] = {msg.x, msg.y, msg.vx, [01;35m[Kmsg.vy[m[K, msg.ax, msg.ay, msg.t};
[5.274s]       |                                            [01;35m[K~~~~^~[m[K
[5.274s] [01m[K/home/fizzer/PucksInDeep/PC/rosHockey/bp_coms_cpp/src/bp_coms.cpp:130:56:[m[K [01;35m[Kwarning: [m[Knarrowing conversion of ‘[01m[K(hockey_msgs::msg::NextPath_<std::allocator<void> >::_ax_type)msg.hockey_msgs::msg::NextPath_<std::allocator<void> >::ax[m[K’ from ‘[01m[Khockey_msgs::msg::NextPath_<std::allocator<void> >::_ax_type[m[K’ {aka ‘[01m[Kdouble[m[K’} to ‘[01m[Kfloat[m[K’ [[01;35m[K-Wnarrowing[m[K]
[5.274s]   130 |     float vals[7] = {msg.x, msg.y, msg.vx, msg.vy, [01;35m[Kmsg.ax[m[K, msg.ay, msg.t};
[5.274s]       |                                                    [01;35m[K~~~~^~[m[K
[5.275s] [01m[K/home/fizzer/PucksInDeep/PC/rosHockey/bp_coms_cpp/src/bp_coms.cpp:130:64:[m[K [01;35m[Kwarning: [m[Knarrowing conversion of ‘[01m[K(hockey_msgs::msg::NextPath_<std::allocator<void> >::_ay_type)msg.hockey_msgs::msg::NextPath_<std::allocator<void> >::ay[m[K’ from ‘[01m[Khockey_msgs::msg::NextPath_<std::allocator<void> >::_ay_type[m[K’ {aka ‘[01m[Kdouble[m[K’} to ‘[01m[Kfloat[m[K’ [[01;35m[K-Wnarrowing[m[K]
[5.275s]   130 |     float vals[7] = {msg.x, msg.y, msg.vx, msg.vy, msg.ax, [01;35m[Kmsg.ay[m[K, msg.t};
[5.275s]       |                                                            [01;35m[K~~~~^~[m[K
[5.275s] [01m[K/home/fizzer/PucksInDeep/PC/rosHockey/bp_coms_cpp/src/bp_coms.cpp:130:72:[m[K [01;35m[Kwarning: [m[Knarrowing conversion of ‘[01m[K(hockey_msgs::msg::NextPath_<std::allocator<void> >::_t_type)msg.hockey_msgs::msg::NextPath_<std::allocator<void> >::t[m[K’ from ‘[01m[Khockey_msgs::msg::NextPath_<std::allocator<void> >::_t_type[m[K’ {aka ‘[01m[Kdouble[m[K’} to ‘[01m[Kfloat[m[K’ [[01;35m[K-Wnarrowing[m[K]
[5.275s]   130 |     float vals[7] = {msg.x, msg.y, msg.vx, msg.vy, msg.ax, msg.ay, [01;35m[Kmsg.t[m[K};
[5.275s]       |                                                                    [01;35m[K~~~~^[m[K
[5.275s] [01m[K/home/fizzer/PucksInDeep/PC/rosHockey/bp_coms_cpp/src/bp_coms.cpp:139:62:[m[K [01;31m[Kerror: [m[K‘[01m[Kcd[m[K’ was not declared in this scope
[5.275s]   139 |     std_msgs::msg::String flag_msg = std_msgs::msg::String();[01;31m[Kcd[m[K  cdcdcsdcsdcsdc
[5.276s]       |                                                              [01;31m[K^~[m[K
[7.473s] make[2]: *** [CMakeFiles/bp_coms.dir/build.make:63: CMakeFiles/bp_coms.dir/src/bp_coms.cpp.o] Error 1
[7.473s] make[1]: *** [CMakeFiles/Makefile2:105: CMakeFiles/bp_coms.dir/all] Error 2
[7.473s] make: *** [Makefile:141: all] Error 2
[7.475s] Invoked command in '/home/fizzer/PucksInDeep/build/bp_coms_cpp' returned '2': AMENT_PREFIX_PATH=/home/fizzer/PucksInDeep/install/hockey_msgs:${AMENT_PREFIX_PATH} CMAKE_PREFIX_PATH=/home/fizzer/PucksInDeep/install/hockey_msgs:/home/fizzer/PucksInDeep/PC/rosHockey/install/pt:/home/fizzer/PucksInDeep/PC/rosHockey/install/my_package:/home/fizzer/PucksInDeep/PC/rosHockey/install/bp_coms_cpp:/home/fizzer/PucksInDeep/PC/rosHockey/install/hockey_msgs:/home/fizzer/PucksInDeep/PC/rosHockey/install/sim:/home/fizzer/PucksInDeep/PC/rosHockey/install/puck_tracker:/home/fizzer/PucksInDeep/PC/rosHockey/install/hockey_testing:/home/fizzer/PucksInDeep/PC/rosHockey/install/hockey_gui:/home/fizzer/PucksInDeep/PC/rosHockey/install/data_logger:/home/fizzer/PucksInDeep/PC/rosHockey/install/bp_coms:/home/fizzer/PucksInDeep/PC/rosHockey/install/ID_tool:/home/fizzer/PucksInDeep/PC/rosHockey/install/HLC:/opt/ros/foxy LD_LIBRARY_PATH=/home/fizzer/PucksInDeep/install/hockey_msgs/lib:${LD_LIBRARY_PATH} PYTHONPATH=/home/fizzer/PucksInDeep/install/hockey_msgs/lib/python3.8/site-packages:${PYTHONPATH} /usr/bin/cmake --build /home/fizzer/PucksInDeep/build/bp_coms_cpp -- -j4 -l4
