[0.017s] Invoking command in '/home/fizzer/PucksInDeep/build/pt': CMAKE_PREFIX_PATH=${CMAKE_PREFIX_PATH}:/home/fizzer/PucksInDeep/PC/rosHockey/install/sim:/home/fizzer/PucksInDeep/PC/rosHockey/install/puck_tracker:/home/fizzer/PucksInDeep/PC/rosHockey/install/hockey_testing:/home/fizzer/PucksInDeep/PC/rosHockey/install/hockey_gui:/home/fizzer/PucksInDeep/PC/rosHockey/install/data_logger:/home/fizzer/PucksInDeep/PC/rosHockey/install/bp_coms:/home/fizzer/PucksInDeep/PC/rosHockey/install/ID_tool:/home/fizzer/PucksInDeep/PC/rosHockey/install/HLC:/opt/ros/foxy /usr/bin/cmake /home/fizzer/PucksInDeep/PC/rosHockey/pt -DCMAKE_INSTALL_PREFIX=/home/fizzer/PucksInDeep/install/pt
[0.133s] -- The C compiler identification is GNU 9.4.0
[0.211s] -- The CXX compiler identification is GNU 9.4.0
[0.218s] -- Check for working C compiler: /usr/bin/cc
[0.309s] -- Check for working C compiler: /usr/bin/cc -- works
[0.311s] -- Detecting C compiler ABI info
[0.409s] -- Detecting C compiler ABI info - done
[0.438s] -- Detecting C compile features
[0.439s] -- Detecting C compile features - done
[0.444s] -- Check for working CXX compiler: /usr/bin/c++
[0.564s] -- Check for working CXX compiler: /usr/bin/c++ -- works
[0.567s] -- Detecting CXX compiler ABI info
[0.688s] -- Detecting CXX compiler ABI info - done
[0.706s] -- Detecting CXX compile features
[0.707s] -- Detecting CXX compile features - done
[0.728s] -- Found OpenCV: /usr (found version "4.2.0") 
[0.732s] -- Found ament_cmake: 0.9.9 (/opt/ros/foxy/share/ament_cmake/cmake)
[0.785s] -- Found PythonInterp: /usr/bin/python3 (found suitable version "3.8.10", minimum required is "3") 
[0.785s] -- Using PYTHON_EXECUTABLE: /usr/bin/python3
[1.260s] -- Found rclcpp: 2.4.0 (/opt/ros/foxy/share/rclcpp/cmake)
[1.904s] -- Using all available rosidl_typesupport_c: rosidl_typesupport_fastrtps_c;rosidl_typesupport_introspection_c
[1.923s] -- Found rosidl_adapter: 1.2.1 (/opt/ros/foxy/share/rosidl_adapter/cmake)
[2.079s] -- Found OpenSSL: /usr/lib/x86_64-linux-gnu/libcrypto.so (found version "1.1.1f")  
[2.130s] -- Found FastRTPS: /opt/ros/foxy/include  
[2.494s] -- Using all available rosidl_typesupport_cpp: rosidl_typesupport_fastrtps_cpp;rosidl_typesupport_introspection_cpp
[3.205s] -- Found rmw_implementation_cmake: 1.0.3 (/opt/ros/foxy/share/rmw_implementation_cmake/cmake)
[3.297s] -- Using RMW implementation 'rmw_fastrtps_cpp' as default
[3.339s] -- Looking for pthread.h
[3.635s] -- Looking for pthread.h - found
[3.636s] -- Performing Test CMAKE_HAVE_LIBC_PTHREAD
[3.852s] -- Performing Test CMAKE_HAVE_LIBC_PTHREAD - Failed
[3.853s] -- Looking for pthread_create in pthreads
[4.006s] -- Looking for pthread_create in pthreads - not found
[4.006s] -- Looking for pthread_create in pthread
[4.292s] -- Looking for pthread_create in pthread - found
[4.295s] -- Found Threads: TRUE  
[5.407s] CMake Error at CMakeLists.txt:42 (find_package):
[5.407s]   By not providing "Findhockey_msgs.cmake" in CMAKE_MODULE_PATH this project
[5.408s]   has asked CMake to find a package configuration file provided by
[5.408s]   "hockey_msgs", but CMake did not find one.
[5.408s] 
[5.408s]   Could not find a package configuration file provided by "hockey_msgs" with
[5.408s]   any of the following names:
[5.409s] 
[5.409s]     hockey_msgsConfig.cmake
[5.409s]     hockey_msgs-config.cmake
[5.409s] 
[5.409s]   Add the installation prefix of "hockey_msgs" to CMAKE_PREFIX_PATH or set
[5.409s]   "hockey_msgs_DIR" to a directory containing one of the above files.  If
[5.409s]   "hockey_msgs" provides a separate development package or SDK, be sure it
[5.409s]   has been installed.
[5.409s] 
[5.409s] 
[5.411s] -- Configuring incomplete, errors occurred!
[5.411s] See also "/home/fizzer/PucksInDeep/build/pt/CMakeFiles/CMakeOutput.log".
[5.411s] See also "/home/fizzer/PucksInDeep/build/pt/CMakeFiles/CMakeError.log".
[5.427s] Invoked command in '/home/fizzer/PucksInDeep/build/pt' returned '1': CMAKE_PREFIX_PATH=${CMAKE_PREFIX_PATH}:/home/fizzer/PucksInDeep/PC/rosHockey/install/sim:/home/fizzer/PucksInDeep/PC/rosHockey/install/puck_tracker:/home/fizzer/PucksInDeep/PC/rosHockey/install/hockey_testing:/home/fizzer/PucksInDeep/PC/rosHockey/install/hockey_gui:/home/fizzer/PucksInDeep/PC/rosHockey/install/data_logger:/home/fizzer/PucksInDeep/PC/rosHockey/install/bp_coms:/home/fizzer/PucksInDeep/PC/rosHockey/install/ID_tool:/home/fizzer/PucksInDeep/PC/rosHockey/install/HLC:/opt/ros/foxy /usr/bin/cmake /home/fizzer/PucksInDeep/PC/rosHockey/pt -DCMAKE_INSTALL_PREFIX=/home/fizzer/PucksInDeep/install/pt
