-- The C compiler identification is GNU 9.4.0
-- The CXX compiler identification is GNU 9.4.0
-- Check for working C compiler: /usr/bin/cc
-- Check for working C compiler: /usr/bin/cc -- works
-- Detecting C compiler ABI info
-- Detecting C compiler ABI info - done
-- Detecting C compile features
-- Detecting C compile features - done
-- Check for working CXX compiler: /usr/bin/c++
-- Check for working CXX compiler: /usr/bin/c++ -- works
-- Detecting CXX compiler ABI info
-- Detecting CXX compiler ABI info - done
-- Detecting CXX compile features
-- Detecting CXX compile features - done
-- Found OpenCV: /usr (found version "4.2.0") 
-- Configuring done
-- Generating done
-- Build files have been written to: /home/fizzer/PucksInDeep/build/PuckTrackerCpp
[35m[1mScanning dependencies of target puck_tracker[0m
[35m[1mScanning dependencies of target tracker[0m
[ 11%] [32mBuilding CXX object CMakeFiles/tracker.dir/lib/savgol/savgol.cpp.o[0m
[ 22%] [32mBuilding CXX object CMakeFiles/puck_tracker.dir/puck_tracker.cpp.o[0m
[ 33%] [32mBuilding CXX object CMakeFiles/tracker.dir/lib/PuckTracker/tracker.cpp.o[0m
[ 44%] [32mBuilding CXX object CMakeFiles/puck_tracker.dir/lib/PuckTracker/tracker.cpp.o[0m
[ 55%] [32mBuilding CXX object CMakeFiles/puck_tracker.dir/lib/savgol/savgol.cpp.o[0m
[ 66%] [32m[1mLinking CXX executable puck_tracker[0m
[ 77%] [32m[1mLinking CXX shared library libtracker.so[0m
[ 77%] Built target tracker
[35m[1mScanning dependencies of target savgol[0m
[ 88%] [32mBuilding CXX object CMakeFiles/savgol.dir/lib/savgol/savgol.cpp.o[0m
[100%] [32m[1mLinking CXX shared library libsavgol.so[0m
[100%] Built target savgol
[100%] Built target puck_tracker
