/home/fizzer/PucksInDeep/install/data_logger/lib/python3.8/site-packages/data_logger/make_model_data.py
/home/fizzer/PucksInDeep/install/data_logger/lib/python3.8/site-packages/data_logger/plotter.py
/home/fizzer/PucksInDeep/install/data_logger/lib/python3.8/site-packages/data_logger/logger_node.py
/home/fizzer/PucksInDeep/install/data_logger/lib/python3.8/site-packages/data_logger/solve_for_coefs.py
/home/fizzer/PucksInDeep/install/data_logger/lib/python3.8/site-packages/data_logger/model_plotter.py
/home/fizzer/PucksInDeep/install/data_logger/lib/python3.8/site-packages/data_logger/__init__.py
/home/fizzer/PucksInDeep/install/data_logger/lib/python3.8/site-packages/data_logger/__pycache__/make_model_data.cpython-38.pyc
/home/fizzer/PucksInDeep/install/data_logger/lib/python3.8/site-packages/data_logger/__pycache__/plotter.cpython-38.pyc
/home/fizzer/PucksInDeep/install/data_logger/lib/python3.8/site-packages/data_logger/__pycache__/logger_node.cpython-38.pyc
/home/fizzer/PucksInDeep/install/data_logger/lib/python3.8/site-packages/data_logger/__pycache__/solve_for_coefs.cpython-38.pyc
/home/fizzer/PucksInDeep/install/data_logger/lib/python3.8/site-packages/data_logger/__pycache__/model_plotter.cpython-38.pyc
/home/fizzer/PucksInDeep/install/data_logger/lib/python3.8/site-packages/data_logger/__pycache__/__init__.cpython-38.pyc
/home/fizzer/PucksInDeep/install/data_logger/share/ament_index/resource_index/packages/data_logger
/home/fizzer/PucksInDeep/install/data_logger/share/data_logger/package.xml
/home/fizzer/PucksInDeep/install/data_logger/lib/python3.8/site-packages/data_logger-0.0.0-py3.8.egg-info/SOURCES.txt
/home/fizzer/PucksInDeep/install/data_logger/lib/python3.8/site-packages/data_logger-0.0.0-py3.8.egg-info/PKG-INFO
/home/fizzer/PucksInDeep/install/data_logger/lib/python3.8/site-packages/data_logger-0.0.0-py3.8.egg-info/zip-safe
/home/fizzer/PucksInDeep/install/data_logger/lib/python3.8/site-packages/data_logger-0.0.0-py3.8.egg-info/dependency_links.txt
/home/fizzer/PucksInDeep/install/data_logger/lib/python3.8/site-packages/data_logger-0.0.0-py3.8.egg-info/top_level.txt
/home/fizzer/PucksInDeep/install/data_logger/lib/python3.8/site-packages/data_logger-0.0.0-py3.8.egg-info/requires.txt
/home/fizzer/PucksInDeep/install/data_logger/lib/python3.8/site-packages/data_logger-0.0.0-py3.8.egg-info/entry_points.txt
/home/fizzer/PucksInDeep/install/data_logger/lib/data_logger/logger
