-- Found ament_cmake: 0.9.9 (/opt/ros/foxy/share/ament_cmake/cmake)
-- Found PythonInterp: /usr/bin/python3 (found suitable version "3.8.10", minimum required is "3") 
-- Using PYTHON_EXECUTABLE: /usr/bin/python3
-- Override CMake install command with custom implementation using symlinks instead of copying resources
-- Found ament_lint_auto: 0.9.6 (/opt/ros/foxy/share/ament_lint_auto/cmake)
-- Found rosidl_default_generators: 1.0.1 (/opt/ros/foxy/share/rosidl_default_generators/cmake)
-- Using all available rosidl_typesupport_c: rosidl_typesupport_fastrtps_c;rosidl_typesupport_introspection_c
-- Found rosidl_adapter: 1.2.1 (/opt/ros/foxy/share/rosidl_adapter/cmake)
-- Using all available rosidl_typesupport_cpp: rosidl_typesupport_fastrtps_cpp;rosidl_typesupport_introspection_cpp
-- Found PythonInterp: /usr/bin/python3 (found version "3.8.10") 
-- Found ament_cmake_ros: 0.9.2 (/opt/ros/foxy/share/ament_cmake_ros/cmake)
-- Using all available rosidl_typesupport_c: rosidl_typesupport_fastrtps_c;rosidl_typesupport_introspection_c
-- Using all available rosidl_typesupport_cpp: rosidl_typesupport_fastrtps_cpp;rosidl_typesupport_introspection_cpp
-- Found PythonInterp: /usr/bin/python3 (found suitable version "3.8.10", minimum required is "3.5") 
-- Found python_cmake_module: 0.8.1 (/opt/ros/foxy/share/python_cmake_module/cmake)
-- Using PYTHON_EXECUTABLE: /usr/bin/python3
-- Using PYTHON_INCLUDE_DIRS: /usr/include/python3.8
-- Using PYTHON_LIBRARIES: /usr/lib/x86_64-linux-gnu/libpython3.8.so
-- Added test 'copyright' to check source files copyright and LICENSE
-- Added test 'cppcheck' to perform static code analysis on C / C++ code
-- Configured cppcheck include dirs: 
-- Configured cppcheck exclude dirs and/or files: 
-- Added test 'cpplint' to check C / C++ code against the Google style
-- Configured cpplint exclude dirs and/or files: 
-- Added test 'flake8' to check Python code syntax and style conventions
-- Added test 'lint_cmake' to check CMake code style
-- Added test 'pep257' to check Python code against some of the style conventions in PEP 257
-- Added test 'uncrustify' to check C / C++ code style
-- Configured uncrustify additional arguments: 
-- Added test 'xmllint' to check XML markup files
-- Configuring done
-- Generating done
-- Build files have been written to: /home/fizzer/PucksInDeep/build/hockey_msgs
[  1%] [34m[1mGenerating C code for ROS interfaces[0m
[35m[1mScanning dependencies of target hockey_msgs__cpp[0m
[  3%] [34m[1mGenerating C++ code for ROS interfaces[0m
[  3%] Built target hockey_msgs__cpp
[  5%] [34m[1mGenerating C++ type support dispatch for ROS interfaces[0m
[  7%] [34m[1mGenerating C++ introspection for ROS interfaces[0m
[  9%] [34m[1mGenerating C++ type support for eProsima Fast-RTPS[0m
[35m[1mScanning dependencies of target hockey_msgs__rosidl_generator_c[0m
[ 10%] [32mBuilding C object CMakeFiles/hockey_msgs__rosidl_generator_c.dir/rosidl_generator_c/hockey_msgs/msg/detail/mallet_pos__functions.c.o[0m
[ 12%] [32mBuilding C object CMakeFiles/hockey_msgs__rosidl_generator_c.dir/rosidl_generator_c/hockey_msgs/msg/detail/puck_status__functions.c.o[0m
[ 14%] [32mBuilding C object CMakeFiles/hockey_msgs__rosidl_generator_c.dir/rosidl_generator_c/hockey_msgs/msg/detail/motor_status__functions.c.o[0m
[ 16%] [32mBuilding C object CMakeFiles/hockey_msgs__rosidl_generator_c.dir/rosidl_generator_c/hockey_msgs/msg/detail/next_path__functions.c.o[0m
[ 18%] [32m[1mLinking C shared library libhockey_msgs__rosidl_generator_c.so[0m
[ 18%] Built target hockey_msgs__rosidl_generator_c
[ 20%] [34m[1mGenerating C type support dispatch for ROS interfaces[0m
[35m[1mScanning dependencies of target hockey_msgs__rosidl_typesupport_cpp[0m
[ 21%] [32mBuilding CXX object CMakeFiles/hockey_msgs__rosidl_typesupport_cpp.dir/rosidl_typesupport_cpp/hockey_msgs/msg/mallet_pos__type_support.cpp.o[0m
[35m[1mScanning dependencies of target hockey_msgs__rosidl_typesupport_introspection_cpp[0m
[ 23%] [32mBuilding CXX object CMakeFiles/hockey_msgs__rosidl_typesupport_introspection_cpp.dir/rosidl_typesupport_introspection_cpp/hockey_msgs/msg/detail/mallet_pos__type_support.cpp.o[0m
[35m[1mScanning dependencies of target hockey_msgs__rosidl_typesupport_fastrtps_cpp[0m
[ 25%] [32mBuilding CXX object CMakeFiles/hockey_msgs__rosidl_typesupport_fastrtps_cpp.dir/rosidl_typesupport_fastrtps_cpp/hockey_msgs/msg/detail/dds_fastrtps/mallet_pos__type_support.cpp.o[0m
[35m[1mScanning dependencies of target hockey_msgs__rosidl_typesupport_c[0m
[ 27%] [32mBuilding CXX object CMakeFiles/hockey_msgs__rosidl_typesupport_c.dir/rosidl_typesupport_c/hockey_msgs/msg/mallet_pos__type_support.cpp.o[0m
[ 29%] [32mBuilding CXX object CMakeFiles/hockey_msgs__rosidl_typesupport_c.dir/rosidl_typesupport_c/hockey_msgs/msg/puck_status__type_support.cpp.o[0m
[ 30%] [32mBuilding CXX object CMakeFiles/hockey_msgs__rosidl_typesupport_c.dir/rosidl_typesupport_c/hockey_msgs/msg/motor_status__type_support.cpp.o[0m
[ 32%] [32mBuilding CXX object CMakeFiles/hockey_msgs__rosidl_typesupport_cpp.dir/rosidl_typesupport_cpp/hockey_msgs/msg/puck_status__type_support.cpp.o[0m
[ 34%] [32mBuilding CXX object CMakeFiles/hockey_msgs__rosidl_typesupport_c.dir/rosidl_typesupport_c/hockey_msgs/msg/next_path__type_support.cpp.o[0m
[ 36%] [32m[1mLinking CXX shared library libhockey_msgs__rosidl_typesupport_c.so[0m
[ 38%] [32mBuilding CXX object CMakeFiles/hockey_msgs__rosidl_typesupport_introspection_cpp.dir/rosidl_typesupport_introspection_cpp/hockey_msgs/msg/detail/puck_status__type_support.cpp.o[0m
[ 38%] Built target hockey_msgs__rosidl_typesupport_c
[ 40%] [34m[1mGenerating C introspection for ROS interfaces[0m
[ 41%] [32mBuilding CXX object CMakeFiles/hockey_msgs__rosidl_typesupport_fastrtps_cpp.dir/rosidl_typesupport_fastrtps_cpp/hockey_msgs/msg/detail/dds_fastrtps/puck_status__type_support.cpp.o[0m
[ 43%] [32mBuilding CXX object CMakeFiles/hockey_msgs__rosidl_typesupport_cpp.dir/rosidl_typesupport_cpp/hockey_msgs/msg/motor_status__type_support.cpp.o[0m
[ 45%] [32mBuilding CXX object CMakeFiles/hockey_msgs__rosidl_typesupport_introspection_cpp.dir/rosidl_typesupport_introspection_cpp/hockey_msgs/msg/detail/motor_status__type_support.cpp.o[0m
[35m[1mScanning dependencies of target hockey_msgs__rosidl_typesupport_introspection_c[0m
[ 47%] [32mBuilding C object CMakeFiles/hockey_msgs__rosidl_typesupport_introspection_c.dir/rosidl_typesupport_introspection_c/hockey_msgs/msg/detail/mallet_pos__type_support.c.o[0m
[ 49%] [32mBuilding CXX object CMakeFiles/hockey_msgs__rosidl_typesupport_cpp.dir/rosidl_typesupport_cpp/hockey_msgs/msg/next_path__type_support.cpp.o[0m
[ 50%] [32mBuilding C object CMakeFiles/hockey_msgs__rosidl_typesupport_introspection_c.dir/rosidl_typesupport_introspection_c/hockey_msgs/msg/detail/puck_status__type_support.c.o[0m
[ 52%] [32mBuilding C object CMakeFiles/hockey_msgs__rosidl_typesupport_introspection_c.dir/rosidl_typesupport_introspection_c/hockey_msgs/msg/detail/motor_status__type_support.c.o[0m
[ 54%] [32mBuilding C object CMakeFiles/hockey_msgs__rosidl_typesupport_introspection_c.dir/rosidl_typesupport_introspection_c/hockey_msgs/msg/detail/next_path__type_support.c.o[0m
[ 56%] [32m[1mLinking C shared library libhockey_msgs__rosidl_typesupport_introspection_c.so[0m
[ 58%] [32mBuilding CXX object CMakeFiles/hockey_msgs__rosidl_typesupport_introspection_cpp.dir/rosidl_typesupport_introspection_cpp/hockey_msgs/msg/detail/next_path__type_support.cpp.o[0m
[ 58%] Built target hockey_msgs__rosidl_typesupport_introspection_c
[ 60%] [32mBuilding CXX object CMakeFiles/hockey_msgs__rosidl_typesupport_fastrtps_cpp.dir/rosidl_typesupport_fastrtps_cpp/hockey_msgs/msg/detail/dds_fastrtps/motor_status__type_support.cpp.o[0m
[ 61%] [32mBuilding CXX object CMakeFiles/hockey_msgs__rosidl_typesupport_fastrtps_cpp.dir/rosidl_typesupport_fastrtps_cpp/hockey_msgs/msg/detail/dds_fastrtps/next_path__type_support.cpp.o[0m
[ 63%] [32m[1mLinking CXX shared library libhockey_msgs__rosidl_typesupport_cpp.so[0m
[ 63%] Built target hockey_msgs__rosidl_typesupport_cpp
[ 65%] [32m[1mLinking CXX shared library libhockey_msgs__rosidl_typesupport_introspection_cpp.so[0m
[ 65%] Built target hockey_msgs__rosidl_typesupport_introspection_cpp
[ 67%] [32m[1mLinking CXX shared library libhockey_msgs__rosidl_typesupport_fastrtps_cpp.so[0m
[ 67%] Built target hockey_msgs__rosidl_typesupport_fastrtps_cpp
[ 69%] [34m[1mGenerating C type support for eProsima Fast-RTPS[0m
[35m[1mScanning dependencies of target hockey_msgs__rosidl_typesupport_fastrtps_c[0m
[ 74%] [32mBuilding CXX object CMakeFiles/hockey_msgs__rosidl_typesupport_fastrtps_c.dir/rosidl_typesupport_fastrtps_c/hockey_msgs/msg/detail/mallet_pos__type_support_c.cpp.o[0m
[ 74%] [32mBuilding CXX object CMakeFiles/hockey_msgs__rosidl_typesupport_fastrtps_c.dir/rosidl_typesupport_fastrtps_c/hockey_msgs/msg/detail/puck_status__type_support_c.cpp.o[0m
[ 74%] [32mBuilding CXX object CMakeFiles/hockey_msgs__rosidl_typesupport_fastrtps_c.dir/rosidl_typesupport_fastrtps_c/hockey_msgs/msg/detail/motor_status__type_support_c.cpp.o[0m
[ 76%] [32mBuilding CXX object CMakeFiles/hockey_msgs__rosidl_typesupport_fastrtps_c.dir/rosidl_typesupport_fastrtps_c/hockey_msgs/msg/detail/next_path__type_support_c.cpp.o[0m
[ 78%] [32m[1mLinking CXX shared library libhockey_msgs__rosidl_typesupport_fastrtps_c.so[0m
[ 78%] Built target hockey_msgs__rosidl_typesupport_fastrtps_c
[35m[1mScanning dependencies of target hockey_msgs[0m
[ 78%] Built target hockey_msgs
[35m[1mScanning dependencies of target hockey_msgs__py[0m
[ 80%] [34m[1mGenerating Python code for ROS interfaces[0m
[ 80%] Built target hockey_msgs__py
[35m[1mScanning dependencies of target hockey_msgs__python[0m
[ 81%] [32mBuilding C object CMakeFiles/hockey_msgs__python.dir/rosidl_generator_py/hockey_msgs/msg/_puck_status_s.c.o[0m
[ 83%] [32mBuilding C object CMakeFiles/hockey_msgs__python.dir/rosidl_generator_py/hockey_msgs/msg/_next_path_s.c.o[0m
[ 85%] [32mBuilding C object CMakeFiles/hockey_msgs__python.dir/rosidl_generator_py/hockey_msgs/msg/_motor_status_s.c.o[0m
[ 87%] [32mBuilding C object CMakeFiles/hockey_msgs__python.dir/rosidl_generator_py/hockey_msgs/msg/_mallet_pos_s.c.o[0m
[ 89%] [32m[1mLinking C shared library rosidl_generator_py/hockey_msgs/libhockey_msgs__python.so[0m
[ 89%] Built target hockey_msgs__python
[35m[1mScanning dependencies of target hockey_msgs__rosidl_typesupport_c__pyext[0m
[35m[1mScanning dependencies of target hockey_msgs__rosidl_typesupport_fastrtps_c__pyext[0m
[35m[1mScanning dependencies of target hockey_msgs__rosidl_typesupport_introspection_c__pyext[0m
[ 90%] [32mBuilding C object CMakeFiles/hockey_msgs__rosidl_typesupport_c__pyext.dir/rosidl_generator_py/hockey_msgs/_hockey_msgs_s.ep.rosidl_typesupport_c.c.o[0m
[ 92%] [32mBuilding C object CMakeFiles/hockey_msgs__rosidl_typesupport_fastrtps_c__pyext.dir/rosidl_generator_py/hockey_msgs/_hockey_msgs_s.ep.rosidl_typesupport_fastrtps_c.c.o[0m
[ 94%] [32mBuilding C object CMakeFiles/hockey_msgs__rosidl_typesupport_introspection_c__pyext.dir/rosidl_generator_py/hockey_msgs/_hockey_msgs_s.ep.rosidl_typesupport_introspection_c.c.o[0m
[ 96%] [32m[1mLinking CXX shared library rosidl_generator_py/hockey_msgs/hockey_msgs_s__rosidl_typesupport_fastrtps_c.cpython-38-x86_64-linux-gnu.so[0m
[ 98%] [32m[1mLinking C shared library rosidl_generator_py/hockey_msgs/hockey_msgs_s__rosidl_typesupport_c.cpython-38-x86_64-linux-gnu.so[0m
[100%] [32m[1mLinking C shared library rosidl_generator_py/hockey_msgs/hockey_msgs_s__rosidl_typesupport_introspection_c.cpython-38-x86_64-linux-gnu.so[0m
[100%] Built target hockey_msgs__rosidl_typesupport_fastrtps_c__pyext
[100%] Built target hockey_msgs__rosidl_typesupport_introspection_c__pyext
[100%] Built target hockey_msgs__rosidl_typesupport_c__pyext
-- Install configuration: ""
-- Execute custom install script
-- Symlinking: /home/fizzer/PucksInDeep/install/hockey_msgs/share/ament_index/resource_index/rosidl_interfaces/hockey_msgs
-- Symlinking: /home/fizzer/PucksInDeep/install/hockey_msgs/include/hockey_msgs/msg/detail/mallet_pos__functions.h
-- Symlinking: /home/fizzer/PucksInDeep/install/hockey_msgs/include/hockey_msgs/msg/detail/mallet_pos__struct.h
-- Symlinking: /home/fizzer/PucksInDeep/install/hockey_msgs/include/hockey_msgs/msg/detail/mallet_pos__type_support.h
-- Symlinking: /home/fizzer/PucksInDeep/install/hockey_msgs/include/hockey_msgs/msg/detail/motor_status__functions.h
-- Symlinking: /home/fizzer/PucksInDeep/install/hockey_msgs/include/hockey_msgs/msg/detail/motor_status__struct.h
-- Symlinking: /home/fizzer/PucksInDeep/install/hockey_msgs/include/hockey_msgs/msg/detail/motor_status__type_support.h
-- Symlinking: /home/fizzer/PucksInDeep/install/hockey_msgs/include/hockey_msgs/msg/detail/next_path__functions.h
-- Symlinking: /home/fizzer/PucksInDeep/install/hockey_msgs/include/hockey_msgs/msg/detail/next_path__struct.h
-- Symlinking: /home/fizzer/PucksInDeep/install/hockey_msgs/include/hockey_msgs/msg/detail/next_path__type_support.h
-- Symlinking: /home/fizzer/PucksInDeep/install/hockey_msgs/include/hockey_msgs/msg/detail/puck_status__functions.h
-- Symlinking: /home/fizzer/PucksInDeep/install/hockey_msgs/include/hockey_msgs/msg/detail/puck_status__struct.h
-- Symlinking: /home/fizzer/PucksInDeep/install/hockey_msgs/include/hockey_msgs/msg/detail/puck_status__type_support.h
-- Symlinking: /home/fizzer/PucksInDeep/install/hockey_msgs/include/hockey_msgs/msg/mallet_pos.h
-- Symlinking: /home/fizzer/PucksInDeep/install/hockey_msgs/include/hockey_msgs/msg/motor_status.h
-- Symlinking: /home/fizzer/PucksInDeep/install/hockey_msgs/include/hockey_msgs/msg/next_path.h
-- Symlinking: /home/fizzer/PucksInDeep/install/hockey_msgs/include/hockey_msgs/msg/puck_status.h
-- Symlinking: /home/fizzer/PucksInDeep/install/hockey_msgs/include/hockey_msgs/msg/rosidl_generator_c__visibility_control.h
-- Symlinking: /home/fizzer/PucksInDeep/install/hockey_msgs/share/hockey_msgs/environment/library_path.sh
-- Symlinking: /home/fizzer/PucksInDeep/install/hockey_msgs/share/hockey_msgs/environment/library_path.dsv
-- Symlinking: /home/fizzer/PucksInDeep/install/hockey_msgs/include/hockey_msgs/msg/detail/mallet_pos__rosidl_typesupport_fastrtps_c.h
-- Symlinking: /home/fizzer/PucksInDeep/install/hockey_msgs/include/hockey_msgs/msg/detail/motor_status__rosidl_typesupport_fastrtps_c.h
-- Symlinking: /home/fizzer/PucksInDeep/install/hockey_msgs/include/hockey_msgs/msg/detail/next_path__rosidl_typesupport_fastrtps_c.h
-- Symlinking: /home/fizzer/PucksInDeep/install/hockey_msgs/include/hockey_msgs/msg/detail/puck_status__rosidl_typesupport_fastrtps_c.h
-- Symlinking: /home/fizzer/PucksInDeep/install/hockey_msgs/include/hockey_msgs/msg/rosidl_typesupport_fastrtps_c__visibility_control.h
-- Symlinking: /home/fizzer/PucksInDeep/install/hockey_msgs/lib/libhockey_msgs__rosidl_typesupport_fastrtps_c.so
-- Symlinking: /home/fizzer/PucksInDeep/install/hockey_msgs/include/hockey_msgs/msg/detail/mallet_pos__rosidl_typesupport_fastrtps_cpp.hpp
-- Symlinking: /home/fizzer/PucksInDeep/install/hockey_msgs/include/hockey_msgs/msg/detail/motor_status__rosidl_typesupport_fastrtps_cpp.hpp
-- Symlinking: /home/fizzer/PucksInDeep/install/hockey_msgs/include/hockey_msgs/msg/detail/next_path__rosidl_typesupport_fastrtps_cpp.hpp
-- Symlinking: /home/fizzer/PucksInDeep/install/hockey_msgs/include/hockey_msgs/msg/detail/puck_status__rosidl_typesupport_fastrtps_cpp.hpp
-- Symlinking: /home/fizzer/PucksInDeep/install/hockey_msgs/include/hockey_msgs/msg/rosidl_typesupport_fastrtps_cpp__visibility_control.h
-- Symlinking: /home/fizzer/PucksInDeep/install/hockey_msgs/lib/libhockey_msgs__rosidl_typesupport_fastrtps_cpp.so
-- Symlinking: /home/fizzer/PucksInDeep/install/hockey_msgs/include/hockey_msgs/msg/detail/mallet_pos__rosidl_typesupport_introspection_c.h
-- Symlinking: /home/fizzer/PucksInDeep/install/hockey_msgs/include/hockey_msgs/msg/detail/motor_status__rosidl_typesupport_introspection_c.h
-- Symlinking: /home/fizzer/PucksInDeep/install/hockey_msgs/include/hockey_msgs/msg/detail/next_path__rosidl_typesupport_introspection_c.h
-- Symlinking: /home/fizzer/PucksInDeep/install/hockey_msgs/include/hockey_msgs/msg/detail/puck_status__rosidl_typesupport_introspection_c.h
-- Symlinking: /home/fizzer/PucksInDeep/install/hockey_msgs/include/hockey_msgs/msg/rosidl_typesupport_introspection_c__visibility_control.h
-- Symlinking: /home/fizzer/PucksInDeep/install/hockey_msgs/include/hockey_msgs/msg/detail/mallet_pos__builder.hpp
-- Symlinking: /home/fizzer/PucksInDeep/install/hockey_msgs/include/hockey_msgs/msg/detail/mallet_pos__struct.hpp
-- Symlinking: /home/fizzer/PucksInDeep/install/hockey_msgs/include/hockey_msgs/msg/detail/mallet_pos__traits.hpp
-- Symlinking: /home/fizzer/PucksInDeep/install/hockey_msgs/include/hockey_msgs/msg/detail/motor_status__builder.hpp
-- Symlinking: /home/fizzer/PucksInDeep/install/hockey_msgs/include/hockey_msgs/msg/detail/motor_status__struct.hpp
-- Symlinking: /home/fizzer/PucksInDeep/install/hockey_msgs/include/hockey_msgs/msg/detail/motor_status__traits.hpp
-- Symlinking: /home/fizzer/PucksInDeep/install/hockey_msgs/include/hockey_msgs/msg/detail/next_path__builder.hpp
-- Symlinking: /home/fizzer/PucksInDeep/install/hockey_msgs/include/hockey_msgs/msg/detail/next_path__struct.hpp
-- Symlinking: /home/fizzer/PucksInDeep/install/hockey_msgs/include/hockey_msgs/msg/detail/next_path__traits.hpp
-- Symlinking: /home/fizzer/PucksInDeep/install/hockey_msgs/include/hockey_msgs/msg/detail/puck_status__builder.hpp
-- Symlinking: /home/fizzer/PucksInDeep/install/hockey_msgs/include/hockey_msgs/msg/detail/puck_status__struct.hpp
-- Symlinking: /home/fizzer/PucksInDeep/install/hockey_msgs/include/hockey_msgs/msg/detail/puck_status__traits.hpp
-- Symlinking: /home/fizzer/PucksInDeep/install/hockey_msgs/include/hockey_msgs/msg/mallet_pos.hpp
-- Symlinking: /home/fizzer/PucksInDeep/install/hockey_msgs/include/hockey_msgs/msg/motor_status.hpp
-- Symlinking: /home/fizzer/PucksInDeep/install/hockey_msgs/include/hockey_msgs/msg/next_path.hpp
-- Symlinking: /home/fizzer/PucksInDeep/install/hockey_msgs/include/hockey_msgs/msg/puck_status.hpp
-- Symlinking: /home/fizzer/PucksInDeep/install/hockey_msgs/include/hockey_msgs/msg/detail/mallet_pos__rosidl_typesupport_introspection_cpp.hpp
-- Symlinking: /home/fizzer/PucksInDeep/install/hockey_msgs/include/hockey_msgs/msg/detail/motor_status__rosidl_typesupport_introspection_cpp.hpp
-- Symlinking: /home/fizzer/PucksInDeep/install/hockey_msgs/include/hockey_msgs/msg/detail/next_path__rosidl_typesupport_introspection_cpp.hpp
-- Symlinking: /home/fizzer/PucksInDeep/install/hockey_msgs/include/hockey_msgs/msg/detail/puck_status__rosidl_typesupport_introspection_cpp.hpp
-- Symlinking: /home/fizzer/PucksInDeep/install/hockey_msgs/share/hockey_msgs/environment/pythonpath.sh
-- Symlinking: /home/fizzer/PucksInDeep/install/hockey_msgs/share/hockey_msgs/environment/pythonpath.dsv
-- Symlinking: /home/fizzer/PucksInDeep/install/hockey_msgs/lib/python3.8/site-packages/hockey_msgs/__init__.py
-- Symlinking: /home/fizzer/PucksInDeep/install/hockey_msgs/lib/python3.8/site-packages/hockey_msgs/msg/__init__.py
-- Symlinking: /home/fizzer/PucksInDeep/install/hockey_msgs/lib/python3.8/site-packages/hockey_msgs/msg/_mallet_pos.py
-- Symlinking: /home/fizzer/PucksInDeep/install/hockey_msgs/lib/python3.8/site-packages/hockey_msgs/msg/_motor_status.py
-- Symlinking: /home/fizzer/PucksInDeep/install/hockey_msgs/lib/python3.8/site-packages/hockey_msgs/msg/_next_path.py
-- Symlinking: /home/fizzer/PucksInDeep/install/hockey_msgs/lib/python3.8/site-packages/hockey_msgs/msg/_puck_status.py
-- Symlinking: /home/fizzer/PucksInDeep/install/hockey_msgs/lib/python3.8/site-packages/hockey_msgs/hockey_msgs_s__rosidl_typesupport_fastrtps_c.cpython-38-x86_64-linux-gnu.so
-- Symlinking: /home/fizzer/PucksInDeep/install/hockey_msgs/lib/python3.8/site-packages/hockey_msgs/hockey_msgs_s__rosidl_typesupport_introspection_c.cpython-38-x86_64-linux-gnu.so
-- Symlinking: /home/fizzer/PucksInDeep/install/hockey_msgs/lib/python3.8/site-packages/hockey_msgs/hockey_msgs_s__rosidl_typesupport_c.cpython-38-x86_64-linux-gnu.so
-- Symlinking: /home/fizzer/PucksInDeep/install/hockey_msgs/lib/libhockey_msgs__python.so
-- Symlinking: /home/fizzer/PucksInDeep/install/hockey_msgs/share/hockey_msgs/msg/MalletPos.idl
-- Symlinking: /home/fizzer/PucksInDeep/install/hockey_msgs/share/hockey_msgs/msg/PuckStatus.idl
-- Symlinking: /home/fizzer/PucksInDeep/install/hockey_msgs/share/hockey_msgs/msg/MotorStatus.idl
-- Symlinking: /home/fizzer/PucksInDeep/install/hockey_msgs/share/hockey_msgs/msg/NextPath.idl
-- Symlinking: /home/fizzer/PucksInDeep/install/hockey_msgs/share/hockey_msgs/msg/MalletPos.msg
-- Symlinking: /home/fizzer/PucksInDeep/install/hockey_msgs/share/hockey_msgs/msg/PuckStatus.msg
-- Symlinking: /home/fizzer/PucksInDeep/install/hockey_msgs/share/hockey_msgs/msg/MotorStatus.msg
-- Symlinking: /home/fizzer/PucksInDeep/install/hockey_msgs/share/hockey_msgs/msg/NextPath.msg
-- Symlinking: /home/fizzer/PucksInDeep/install/hockey_msgs/share/ament_index/resource_index/package_run_dependencies/hockey_msgs
-- Symlinking: /home/fizzer/PucksInDeep/install/hockey_msgs/share/ament_index/resource_index/parent_prefix_path/hockey_msgs
-- Symlinking: /home/fizzer/PucksInDeep/install/hockey_msgs/share/hockey_msgs/environment/ament_prefix_path.sh
-- Symlinking: /home/fizzer/PucksInDeep/install/hockey_msgs/share/hockey_msgs/environment/ament_prefix_path.dsv
-- Symlinking: /home/fizzer/PucksInDeep/install/hockey_msgs/share/hockey_msgs/environment/path.sh
-- Symlinking: /home/fizzer/PucksInDeep/install/hockey_msgs/share/hockey_msgs/environment/path.dsv
-- Symlinking: /home/fizzer/PucksInDeep/install/hockey_msgs/share/hockey_msgs/local_setup.bash
-- Symlinking: /home/fizzer/PucksInDeep/install/hockey_msgs/share/hockey_msgs/local_setup.sh
-- Symlinking: /home/fizzer/PucksInDeep/install/hockey_msgs/share/hockey_msgs/local_setup.zsh
-- Symlinking: /home/fizzer/PucksInDeep/install/hockey_msgs/share/hockey_msgs/local_setup.dsv
-- Symlinking: /home/fizzer/PucksInDeep/install/hockey_msgs/share/hockey_msgs/package.dsv
-- Symlinking: /home/fizzer/PucksInDeep/install/hockey_msgs/share/ament_index/resource_index/packages/hockey_msgs
-- Symlinking: /home/fizzer/PucksInDeep/install/hockey_msgs/share/hockey_msgs/cmake/rosidl_cmake-extras.cmake
-- Symlinking: /home/fizzer/PucksInDeep/install/hockey_msgs/share/hockey_msgs/cmake/ament_cmake_export_dependencies-extras.cmake
-- Symlinking: /home/fizzer/PucksInDeep/install/hockey_msgs/share/hockey_msgs/cmake/ament_cmake_export_libraries-extras.cmake
-- Symlinking: /home/fizzer/PucksInDeep/install/hockey_msgs/share/hockey_msgs/cmake/ament_cmake_export_targets-extras.cmake
-- Symlinking: /home/fizzer/PucksInDeep/install/hockey_msgs/share/hockey_msgs/cmake/ament_cmake_export_include_directories-extras.cmake
-- Symlinking: /home/fizzer/PucksInDeep/install/hockey_msgs/share/hockey_msgs/cmake/rosidl_cmake_export_typesupport_libraries-extras.cmake
-- Symlinking: /home/fizzer/PucksInDeep/install/hockey_msgs/share/hockey_msgs/cmake/rosidl_cmake_export_typesupport_targets-extras.cmake
-- Symlinking: /home/fizzer/PucksInDeep/install/hockey_msgs/share/hockey_msgs/cmake/hockey_msgsConfig.cmake
-- Symlinking: /home/fizzer/PucksInDeep/install/hockey_msgs/share/hockey_msgs/cmake/hockey_msgsConfig-version.cmake
-- Symlinking: /home/fizzer/PucksInDeep/install/hockey_msgs/share/hockey_msgs/package.xml
-- Installing: /home/fizzer/PucksInDeep/install/hockey_msgs/lib/libhockey_msgs__rosidl_generator_c.so
-- Set runtime path of "/home/fizzer/PucksInDeep/install/hockey_msgs/lib/libhockey_msgs__rosidl_generator_c.so" to ""
-- Installing: /home/fizzer/PucksInDeep/install/hockey_msgs/lib/libhockey_msgs__rosidl_typesupport_introspection_c.so
-- Set runtime path of "/home/fizzer/PucksInDeep/install/hockey_msgs/lib/libhockey_msgs__rosidl_typesupport_introspection_c.so" to ""
-- Installing: /home/fizzer/PucksInDeep/install/hockey_msgs/lib/libhockey_msgs__rosidl_typesupport_c.so
-- Set runtime path of "/home/fizzer/PucksInDeep/install/hockey_msgs/lib/libhockey_msgs__rosidl_typesupport_c.so" to ""
-- Installing: /home/fizzer/PucksInDeep/install/hockey_msgs/lib/libhockey_msgs__rosidl_typesupport_introspection_cpp.so
-- Set runtime path of "/home/fizzer/PucksInDeep/install/hockey_msgs/lib/libhockey_msgs__rosidl_typesupport_introspection_cpp.so" to ""
-- Installing: /home/fizzer/PucksInDeep/install/hockey_msgs/lib/libhockey_msgs__rosidl_typesupport_cpp.so
-- Set runtime path of "/home/fizzer/PucksInDeep/install/hockey_msgs/lib/libhockey_msgs__rosidl_typesupport_cpp.so" to ""
Compiling '/home/fizzer/PucksInDeep/install/hockey_msgs/lib/python3.8/site-packages/hockey_msgs/__init__.py'...
-- Installing: /home/fizzer/PucksInDeep/install/hockey_msgs/share/hockey_msgs/cmake/hockey_msgs__rosidl_generator_cExport.cmake
-- Installing: /home/fizzer/PucksInDeep/install/hockey_msgs/share/hockey_msgs/cmake/hockey_msgs__rosidl_generator_cExport-noconfig.cmake
-- Installing: /home/fizzer/PucksInDeep/install/hockey_msgs/share/hockey_msgs/cmake/hockey_msgs__rosidl_typesupport_introspection_cExport.cmake
-- Installing: /home/fizzer/PucksInDeep/install/hockey_msgs/share/hockey_msgs/cmake/hockey_msgs__rosidl_typesupport_introspection_cExport-noconfig.cmake
-- Installing: /home/fizzer/PucksInDeep/install/hockey_msgs/share/hockey_msgs/cmake/hockey_msgs__rosidl_typesupport_cExport.cmake
-- Installing: /home/fizzer/PucksInDeep/install/hockey_msgs/share/hockey_msgs/cmake/hockey_msgs__rosidl_typesupport_cExport-noconfig.cmake
-- Installing: /home/fizzer/PucksInDeep/install/hockey_msgs/share/hockey_msgs/cmake/hockey_msgs__rosidl_generator_cppExport.cmake
-- Installing: /home/fizzer/PucksInDeep/install/hockey_msgs/share/hockey_msgs/cmake/hockey_msgs__rosidl_typesupport_introspection_cppExport.cmake
-- Installing: /home/fizzer/PucksInDeep/install/hockey_msgs/share/hockey_msgs/cmake/hockey_msgs__rosidl_typesupport_introspection_cppExport-noconfig.cmake
-- Installing: /home/fizzer/PucksInDeep/install/hockey_msgs/share/hockey_msgs/cmake/hockey_msgs__rosidl_typesupport_cppExport.cmake
-- Installing: /home/fizzer/PucksInDeep/install/hockey_msgs/share/hockey_msgs/cmake/hockey_msgs__rosidl_typesupport_cppExport-noconfig.cmake
